<?xml version="1.0" encoding="UTF-8"?>
<!-- Generated by org.testng.reporters.JUnitReportReporter -->
<testsuite hostname="Davids-MacBook-Pro.local" failures="0" tests="2" name="com.amazon.qa.testcases.SearchPageTest" time="12.855" errors="0" timestamp="2022-01-11T12:13:04 PST" skipped="0">
  <testcase classname="com.amazon.qa.testcases.SearchPageTest" name="searchPageTitleTest" time="5.204"/>
  <system-out/>
  <testcase classname="com.amazon.qa.testcases.SearchPageTest" name="clickOnProductTest" time="7.651"/>
  <system-out/>
</testsuite> <!-- com.amazon.qa.testcases.SearchPageTest -->
