<?xml version="1.0" encoding="UTF-8"?>
<!-- Generated by org.testng.reporters.JUnitReportReporter -->
<testsuite hostname="Davids-MacBook-Pro.local" failures="0" tests="1" name="com.amazon.qa.testcases.ProductPageTest" time="7.999" errors="0" timestamp="2022-01-11T12:15:44 PST" skipped="0">
  <testcase classname="com.amazon.qa.testcases.ProductPageTest" name="productPriceTest" time="7.999"/>
  <system-out/>
</testsuite> <!-- com.amazon.qa.testcases.ProductPageTest -->
