<?xml version="1.0" encoding="UTF-8"?>
<!-- Generated by org.testng.reporters.JUnitReportReporter -->
<testsuite hostname="Davids-MacBook-Pro.local" failures="0" tests="2" name="com.amazon.qa.testcases.HomePageTest" time="9.435" errors="0" timestamp="2022-01-11T12:13:04 PST" skipped="0">
  <testcase classname="com.amazon.qa.testcases.HomePageTest" name="validateHomePageTitleTest" time="2.816"/>
  <system-out/>
  <testcase classname="com.amazon.qa.testcases.HomePageTest" name="searchTest" time="6.619"/>
  <system-out/>
</testsuite> <!-- com.amazon.qa.testcases.HomePageTest -->
