<?xml version="1.0" encoding="UTF-8"?>
<!-- Generated by org.testng.reporters.JUnitReportReporter -->
<testsuite hostname="Davids-MacBook-Pro.local" failures="0" tests="4" name="com.amazon.qa.testcases.ShoppingCartPageTest" time="48.103" errors="0" timestamp="2022-01-11T12:13:04 PST" skipped="0">
  <testcase classname="com.amazon.qa.testcases.ShoppingCartPageTest" name="deleteItemTest" time="12.049"/>
  <system-out/>
  <testcase classname="com.amazon.qa.testcases.ShoppingCartPageTest" name="shoppingCartQuantityTest" time="12.036"/>
  <system-out/>
  <testcase classname="com.amazon.qa.testcases.ShoppingCartPageTest" name="validateShoppingCartItemTest" time="12.038"/>
  <system-out/>
  <testcase classname="com.amazon.qa.testcases.ShoppingCartPageTest" name="validateShoppingCartPageTitle" time="11.980"/>
  <system-out/>
</testsuite> <!-- com.amazon.qa.testcases.ShoppingCartPageTest -->
